ARdemo/Library/Bee/Android/Prj/Mono2x/Gradle/launcher/build/intermediates/manifest_merge_blame_file/release/manifest-merger-blame-release-report.txt
1<?xml version="1.0" encoding="utf-8"?>
2<manifest xmlns:android="http://schemas.android.com/apk/res/android"
3    package="com.DefaultCompany.ARdemo"
4    android:installLocation="preferExternal"
5    android:versionCode="1"
6    android:versionName="0.1" >
7
8    <uses-sdk
9        android:minSdkVersion="26"
9-->src\main\AndroidManifest.xml
10        android:targetSdkVersion="30" />
10-->src\main\AndroidManifest.xml
11
12    <supports-screens
12-->src\main\AndroidManifest.xml:3:3-163
13        android:anyDensity="true"
13-->src\main\AndroidManifest.xml:3:135-160
14        android:largeScreens="true"
14-->src\main\AndroidManifest.xml:3:78-105
15        android:normalScreens="true"
15-->src\main\AndroidManifest.xml:3:49-77
16        android:smallScreens="true"
16-->src\main\AndroidManifest.xml:3:21-48
17        android:xlargeScreens="true" />
17-->src\main\AndroidManifest.xml:3:106-134
18
19    <uses-permission android:name="android.permission.ACCESS_NETWORK_STATE" />
19-->src\main\AndroidManifest.xml:7:3-77
19-->src\main\AndroidManifest.xml:7:20-74
20    <uses-permission android:name="android.permission.INTERNET" />
20-->src\main\AndroidManifest.xml:8:3-65
20-->src\main\AndroidManifest.xml:8:20-62
21    <uses-permission android:name="android.permission.BLUETOOTH" />
21-->[:unityLibrary] AndroidManifest.xml:21:5-68
21-->[:unityLibrary] AndroidManifest.xml:21:22-65
22
23    <uses-feature android:glEsVersion="0x00030000" />
23-->[:unityLibrary] AndroidManifest.xml:23:5-54
23-->[:unityLibrary] AndroidManifest.xml:23:19-51
24
25    <uses-permission android:name="android.permission.VIBRATE" />
25-->[:unityLibrary] AndroidManifest.xml:26:5-66
25-->[:unityLibrary] AndroidManifest.xml:26:22-63
26
27    <uses-feature
27-->[:unityLibrary] AndroidManifest.xml:29:5-31:36
28        android:name="android.hardware.touchscreen"
28-->[:unityLibrary] AndroidManifest.xml:30:9-52
29        android:required="false" />
29-->[:unityLibrary] AndroidManifest.xml:31:9-33
30    <uses-feature
30-->[:unityLibrary] AndroidManifest.xml:32:5-34:36
31        android:name="android.hardware.touchscreen.multitouch"
31-->[:unityLibrary] AndroidManifest.xml:33:9-63
32        android:required="false" />
32-->[:unityLibrary] AndroidManifest.xml:34:9-33
33    <uses-feature
33-->[:unityLibrary] AndroidManifest.xml:35:5-37:36
34        android:name="android.hardware.touchscreen.multitouch.distinct"
34-->[:unityLibrary] AndroidManifest.xml:36:9-72
35        android:required="false" />
35-->[:unityLibrary] AndroidManifest.xml:37:9-33
36
37    <uses-permission android:name="android.permission.FOREGROUND_SERVICE" />
37-->[:nrunityandroidpermission:] AndroidManifest.xml:12:5-77
37-->[:nrunityandroidpermission:] AndroidManifest.xml:12:22-74
38    <uses-permission android:name="android.permission.RECORD_AUDIO" />
38-->[:permission.RECORD_AUDIO:] AndroidManifest.xml:3:3-69
38-->[:permission.RECORD_AUDIO:] AndroidManifest.xml:3:20-66
39    <uses-permission android:name="android.permission.WRITE_EXTERNAL_STORAGE" />
40    <uses-permission android:name="android.permission.READ_PHONE_STATE" />
41    <uses-permission android:name="android.permission.READ_EXTERNAL_STORAGE" />
42
43    <queries>
43-->[:nr_api:] AndroidManifest.xml:11:5-15:15
44        <intent>
44-->[:nr_api:] AndroidManifest.xml:12:9-14:18
45            <action android:name="ai.nreal.nrsdk.network.type.server" />
45-->[:nr_api:] AndroidManifest.xml:13:13-73
45-->[:nr_api:] AndroidManifest.xml:13:21-70
46        </intent>
47
48        <package android:name="com.huawei.arengine.service" />
48-->[:arenginesdk-3.7.0.3:] AndroidManifest.xml:15:9-63
48-->[:arenginesdk-3.7.0.3:] AndroidManifest.xml:15:18-60
49        <package android:name="com.google.ar.core" />
49-->[:com.google.ar.core-1.23.0:] AndroidManifest.xml:30:9-54
49-->[:com.google.ar.core-1.23.0:] AndroidManifest.xml:30:18-51
50    </queries>
51
52    <uses-permission android:name="android.permission.HIGH_SAMPLING_RATE_SENSORS" />
52-->[:nr_api:] AndroidManifest.xml:17:5-85
52-->[:nr_api:] AndroidManifest.xml:17:22-82
53    <uses-permission android:name="android.permission.CAMERA" />
53-->[:arenginesdk-3.7.0.3:] AndroidManifest.xml:11:5-65
53-->[:arenginesdk-3.7.0.3:] AndroidManifest.xml:11:22-62
54
55    <application
55-->src\main\AndroidManifest.xml:4:3-6:17
56        android:extractNativeLibs="true"
56-->[:unityLibrary] AndroidManifest.xml:40:9-41
57        android:icon="@mipmap/app_icon"
57-->src\main\AndroidManifest.xml:4:49-80
58        android:label="@string/app_name"
58-->src\main\AndroidManifest.xml:4:16-48
59        android:theme="@style/UnityThemeSelector" >
59-->[:unityLibrary] AndroidManifest.xml:43:9-50
60        <meta-data
60-->src\main\AndroidManifest.xml:5:5-79
61            android:name="unity.builder"
61-->src\main\AndroidManifest.xml:5:16-44
62            android:value="\33260717897510" />
62-->src\main\AndroidManifest.xml:5:45-76
63
64        <activity
64-->[:unityLibrary] AndroidManifest.xml:44:9-60:20
65            android:name="com.unity3d.player.UnityPlayerActivity"
65-->[:unityLibrary] AndroidManifest.xml:45:13-66
66            android:configChanges="mcc|mnc|locale|touchscreen|keyboard|keyboardHidden|navigation|orientation|screenLayout|uiMode|screenSize|smallestScreenSize|fontScale|layoutDirection|density"
66-->[:unityLibrary] AndroidManifest.xml:46:13-194
67            android:hardwareAccelerated="false"
67-->[:unityLibrary] AndroidManifest.xml:47:13-48
68            android:launchMode="singleTask"
68-->[:unityLibrary] AndroidManifest.xml:48:13-44
69            android:resizeableActivity="false"
69-->[:unityLibrary] AndroidManifest.xml:49:13-47
70            android:screenOrientation="portrait" >
70-->[:unityLibrary] AndroidManifest.xml:50:13-49
71            <intent-filter>
71-->[:unityLibrary] AndroidManifest.xml:51:13-55:29
72                <action android:name="android.intent.action.MAIN" />
72-->[:unityLibrary] AndroidManifest.xml:52:17-69
72-->[:unityLibrary] AndroidManifest.xml:52:25-66
73
74                <category android:name="android.intent.category.LAUNCHER" />
74-->[:unityLibrary] AndroidManifest.xml:54:17-77
74-->[:unityLibrary] AndroidManifest.xml:54:27-74
75            </intent-filter>
76
77            <meta-data
77-->[:unityLibrary] AndroidManifest.xml:57:13-59:40
78                android:name="android.notch_support"
78-->[:unityLibrary] AndroidManifest.xml:58:17-53
79                android:value="true" />
79-->[:unityLibrary] AndroidManifest.xml:59:17-37
80        </activity>
81
82        <meta-data
82-->[:unityLibrary] AndroidManifest.xml:62:9-64:36
83            android:name="nreal_sdk"
83-->[:unityLibrary] AndroidManifest.xml:63:13-37
84            android:value="true" />
84-->[:unityLibrary] AndroidManifest.xml:64:13-33
85        <meta-data
85-->[:unityLibrary] AndroidManifest.xml:65:9-67:51
86            android:name="com.nreal.supportDevices"
86-->[:unityLibrary] AndroidManifest.xml:66:13-52
87            android:value="NrealLight|NrealAir" />
87-->[:unityLibrary] AndroidManifest.xml:67:13-48
88        <meta-data
88-->[:unityLibrary] AndroidManifest.xml:68:9-70:33
89            android:name="unity.splash-mode"
89-->[:unityLibrary] AndroidManifest.xml:69:13-45
90            android:value="0" />
90-->[:unityLibrary] AndroidManifest.xml:70:13-30
91        <meta-data
91-->[:unityLibrary] AndroidManifest.xml:71:9-73:36
92            android:name="unity.splash-enable"
92-->[:unityLibrary] AndroidManifest.xml:72:13-47
93            android:value="True" />
93-->[:unityLibrary] AndroidManifest.xml:73:13-33
94        <meta-data
94-->[:unityLibrary] AndroidManifest.xml:74:9-76:36
95            android:name="unity.launch-fullscreen"
95-->[:unityLibrary] AndroidManifest.xml:75:13-51
96            android:value="True" />
96-->[:unityLibrary] AndroidManifest.xml:76:13-33
97        <meta-data
97-->[:unityLibrary] AndroidManifest.xml:77:9-79:37
98            android:name="unity.allow-resizable-window"
98-->[:unityLibrary] AndroidManifest.xml:78:13-56
99            android:value="False" />
99-->[:unityLibrary] AndroidManifest.xml:79:13-34
100        <meta-data
100-->[:unityLibrary] AndroidManifest.xml:80:9-82:50
101            android:name="notch.config"
101-->[:unityLibrary] AndroidManifest.xml:81:13-40
102            android:value="portrait|landscape" />
102-->[:unityLibrary] AndroidManifest.xml:82:13-47
103
104        <service
104-->[:nrunityandroidpermission:] AndroidManifest.xml:15:9-19:63
105            android:name="ai.nreal.sdk.MediaProjectionService"
105-->[:nrunityandroidpermission:] AndroidManifest.xml:16:13-63
106            android:enabled="true"
106-->[:nrunityandroidpermission:] AndroidManifest.xml:17:13-35
107            android:exported="true"
107-->[:nrunityandroidpermission:] AndroidManifest.xml:18:13-36
108            android:foregroundServiceType="mediaProjection" />
108-->[:nrunityandroidpermission:] AndroidManifest.xml:19:13-60
109
110        <meta-data
110-->[:arenginesdk-3.7.0.3:] AndroidManifest.xml:19:9-21:51
111            android:name="com.huawei.hms.client.service.name:arenginesdk"
111-->[:arenginesdk-3.7.0.3:] AndroidManifest.xml:20:13-74
112            android:value="arenginesdk:3.7.0.3" /> <!-- The minimal version code of ARCore APK required for an app using this SDK. -->
112-->[:arenginesdk-3.7.0.3:] AndroidManifest.xml:21:13-48
113        <meta-data
113-->[:com.google.ar.core-1.23.0:] AndroidManifest.xml:36:9-38:41
114            android:name="com.google.ar.core.min_apk_version"
114-->[:com.google.ar.core-1.23.0:] AndroidManifest.xml:37:13-62
115            android:value="210210000" /> <!-- This activity is critical for installing ARCore when it is not already present. -->
115-->[:com.google.ar.core-1.23.0:] AndroidManifest.xml:38:13-38
116        <activity
116-->[:com.google.ar.core-1.23.0:] AndroidManifest.xml:40:9-46:80
117            android:name="com.google.ar.core.InstallActivity"
117-->[:com.google.ar.core-1.23.0:] AndroidManifest.xml:41:13-62
118            android:configChanges="keyboardHidden|orientation|screenSize"
118-->[:com.google.ar.core-1.23.0:] AndroidManifest.xml:42:13-74
119            android:excludeFromRecents="true"
119-->[:com.google.ar.core-1.23.0:] AndroidManifest.xml:43:13-46
120            android:exported="false"
120-->[:com.google.ar.core-1.23.0:] AndroidManifest.xml:44:13-37
121            android:launchMode="singleTop"
121-->[:com.google.ar.core-1.23.0:] AndroidManifest.xml:45:13-43
122            android:theme="@android:style/Theme.Material.Light.Dialog.Alert" />
122-->[:com.google.ar.core-1.23.0:] AndroidManifest.xml:46:13-77
123
124        <meta-data
124-->[:com.google.ar.core-optional:] AndroidManifest.xml:4:5-77
125            android:name="com.google.ar.core"
125-->[:com.google.ar.core-optional:] AndroidManifest.xml:4:16-49
126            android:value="optional" />
126-->[:com.google.ar.core-optional:] AndroidManifest.xml:4:50-74
127    </application>
128
129</manifest>